14-Dec-2023 00:45:00.166 INFO [http-nio-8080-exec-4] org.apache.catalina.core.ApplicationContext.log Manager: init: Associated with Deployer 'Catalina:type=Deployer,host=localhost'
14-Dec-2023 00:45:00.166 INFO [http-nio-8080-exec-4] org.apache.catalina.core.ApplicationContext.log Manager: init: Global resources are available
14-Dec-2023 00:45:00.199 INFO [http-nio-8080-exec-10] org.apache.catalina.core.ApplicationContext.log Manager: list: Listing contexts for virtual host 'localhost'
14-Dec-2023 00:45:00.217 INFO [http-nio-8080-exec-9] org.apache.catalina.core.ApplicationContext.log Manager: undeploy: Undeploying web application at '/meu_cu_de_asaaa'
14-Dec-2023 00:45:00.758 INFO [http-nio-8080-exec-1] org.apache.catalina.core.ApplicationContext.log Manager: install: Installing context configuration at 'file:/C:/Users/Pedro/AppData/Local/Temp/context14717257620559613780.xml'
14-Dec-2023 00:45:02.301 INFO [http-nio-8080-exec-2] org.apache.catalina.core.ApplicationContext.log Manager: start: Starting web application '/meu_cu_de_asaaa'
14-Dec-2023 00:46:48.972 INFO [http-nio-8080-exec-11] org.apache.catalina.core.ApplicationContext.log Manager: list: Listing contexts for virtual host 'localhost'
14-Dec-2023 00:46:48.975 INFO [http-nio-8080-exec-14] org.apache.catalina.core.ApplicationContext.log Manager: list: Listing contexts for virtual host 'localhost'
14-Dec-2023 00:46:48.983 INFO [http-nio-8080-exec-16] org.apache.catalina.core.ApplicationContext.log Manager: undeploy: Undeploying web application at '/meu_cu_de_asaaa'
14-Dec-2023 00:46:49.552 INFO [http-nio-8080-exec-12] org.apache.catalina.core.ApplicationContext.log Manager: install: Installing context configuration at 'file:/C:/Users/Pedro/AppData/Local/Temp/context3913547237729115624.xml'
14-Dec-2023 00:46:50.961 INFO [http-nio-8080-exec-18] org.apache.catalina.core.ApplicationContext.log Manager: start: Starting web application '/aplicacao_web_JPA'
14-Dec-2023 12:17:08.858 INFO [http-nio-8080-exec-1] org.apache.catalina.core.ApplicationContext.log Manager: init: Associated with Deployer 'Catalina:type=Deployer,host=localhost'
14-Dec-2023 12:17:08.859 INFO [http-nio-8080-exec-1] org.apache.catalina.core.ApplicationContext.log Manager: init: Global resources are available
14-Dec-2023 12:17:08.890 INFO [http-nio-8080-exec-6] org.apache.catalina.core.ApplicationContext.log Manager: list: Listing contexts for virtual host 'localhost'
14-Dec-2023 12:17:08.928 INFO [http-nio-8080-exec-8] org.apache.catalina.core.ApplicationContext.log Manager: undeploy: Undeploying web application at '/aplicacao_web_JPA'
14-Dec-2023 12:17:09.465 INFO [http-nio-8080-exec-2] org.apache.catalina.core.ApplicationContext.log Manager: install: Installing context configuration at 'file:/C:/Users/Pedro/AppData/Local/Temp/context14553345278023308071.xml'
14-Dec-2023 12:17:11.151 INFO [http-nio-8080-exec-9] org.apache.catalina.core.ApplicationContext.log Manager: start: Starting web application '/aplicacao_web_JPA'
14-Dec-2023 12:46:14.064 INFO [http-nio-8080-exec-19] org.apache.catalina.core.ApplicationContext.log Manager: list: Listing contexts for virtual host 'localhost'
14-Dec-2023 12:46:14.075 INFO [http-nio-8080-exec-12] org.apache.catalina.core.ApplicationContext.log Manager: list: Listing contexts for virtual host 'localhost'
14-Dec-2023 12:46:14.087 INFO [http-nio-8080-exec-16] org.apache.catalina.core.ApplicationContext.log Manager: install: Installing context configuration at 'file:/C:/Users/Pedro/AppData/Local/Temp/context10289103540119950490.xml'
14-Dec-2023 12:46:14.484 INFO [http-nio-8080-exec-15] org.apache.catalina.core.ApplicationContext.log Manager: start: Starting web application '/projeto_gta6_web'
14-Dec-2023 12:47:54.119 INFO [http-nio-8080-exec-16] org.apache.catalina.core.ApplicationContext.log Manager: list: Listing contexts for virtual host 'localhost'
14-Dec-2023 12:47:54.123 INFO [http-nio-8080-exec-18] org.apache.catalina.core.ApplicationContext.log Manager: list: Listing contexts for virtual host 'localhost'
14-Dec-2023 12:47:54.134 INFO [http-nio-8080-exec-20] org.apache.catalina.core.ApplicationContext.log Manager: undeploy: Undeploying web application at '/aplicacao_web_JPA'
14-Dec-2023 12:47:55.418 INFO [http-nio-8080-exec-14] org.apache.catalina.core.ApplicationContext.log Manager: install: Installing context configuration at 'file:/C:/Users/Pedro/AppData/Local/Temp/context10297521706199711530.xml'
14-Dec-2023 12:47:56.910 INFO [http-nio-8080-exec-19] org.apache.catalina.core.ApplicationContext.log Manager: start: Starting web application '/aplicacao_web_JPA'
14-Dec-2023 12:48:53.837 INFO [http-nio-8080-exec-22] org.apache.catalina.core.ApplicationContext.log Manager: list: Listing contexts for virtual host 'localhost'
14-Dec-2023 12:48:53.840 INFO [http-nio-8080-exec-12] org.apache.catalina.core.ApplicationContext.log Manager: list: Listing contexts for virtual host 'localhost'
14-Dec-2023 12:48:53.850 INFO [http-nio-8080-exec-24] org.apache.catalina.core.ApplicationContext.log Manager: undeploy: Undeploying web application at '/projeto_gta6_web'
14-Dec-2023 12:48:54.376 INFO [http-nio-8080-exec-23] org.apache.catalina.core.ApplicationContext.log Manager: install: Installing context configuration at 'file:/C:/Users/Pedro/AppData/Local/Temp/context17156064740809022900.xml'
14-Dec-2023 12:48:55.231 INFO [http-nio-8080-exec-26] org.apache.catalina.core.ApplicationContext.log Manager: start: Starting web application '/projeto_gta6_web'
14-Dec-2023 13:44:08.916 INFO [http-nio-8080-exec-3] org.apache.catalina.core.ApplicationContext.log Manager: init: Associated with Deployer 'Catalina:type=Deployer,host=localhost'
14-Dec-2023 13:44:08.916 INFO [http-nio-8080-exec-3] org.apache.catalina.core.ApplicationContext.log Manager: init: Global resources are available
14-Dec-2023 13:44:08.984 INFO [http-nio-8080-exec-9] org.apache.catalina.core.ApplicationContext.log Manager: list: Listing contexts for virtual host 'localhost'
14-Dec-2023 13:44:08.991 INFO [http-nio-8080-exec-8] org.apache.catalina.core.ApplicationContext.log Manager: list: Listing contexts for virtual host 'localhost'
14-Dec-2023 13:44:09.033 INFO [http-nio-8080-exec-2] org.apache.catalina.core.ApplicationContext.log Manager: undeploy: Undeploying web application at '/projeto_gta6_web'
14-Dec-2023 13:44:09.586 INFO [http-nio-8080-exec-4] org.apache.catalina.core.ApplicationContext.log Manager: install: Installing context configuration at 'file:/C:/Users/Pedro/AppData/Local/Temp/context3626955970114151928.xml'
14-Dec-2023 13:44:11.132 INFO [http-nio-8080-exec-1] org.apache.catalina.core.ApplicationContext.log Manager: start: Starting web application '/projeto_gta6_web'
14-Dec-2023 13:46:29.267 INFO [http-nio-8080-exec-15] org.apache.catalina.core.ApplicationContext.log Manager: list: Listing contexts for virtual host 'localhost'
14-Dec-2023 13:46:29.270 INFO [http-nio-8080-exec-13] org.apache.catalina.core.ApplicationContext.log Manager: list: Listing contexts for virtual host 'localhost'
14-Dec-2023 13:46:29.279 INFO [http-nio-8080-exec-17] org.apache.catalina.core.ApplicationContext.log Manager: undeploy: Undeploying web application at '/projeto_gta6_web'
14-Dec-2023 13:46:29.822 INFO [http-nio-8080-exec-13] org.apache.catalina.core.ApplicationContext.log Manager: install: Installing context configuration at 'file:/C:/Users/Pedro/AppData/Local/Temp/context5902041926742316881.xml'
14-Dec-2023 13:46:31.513 INFO [http-nio-8080-exec-16] org.apache.catalina.core.ApplicationContext.log Manager: start: Starting web application '/projeto_gta6_web'
14-Dec-2023 13:57:44.614 INFO [http-nio-8080-exec-21] org.apache.catalina.core.ApplicationContext.log Manager: list: Listing contexts for virtual host 'localhost'
14-Dec-2023 13:57:44.618 INFO [http-nio-8080-exec-27] org.apache.catalina.core.ApplicationContext.log Manager: list: Listing contexts for virtual host 'localhost'
14-Dec-2023 13:57:44.635 INFO [http-nio-8080-exec-29] org.apache.catalina.core.ApplicationContext.log Manager: undeploy: Undeploying web application at '/projeto_gta6_web'
14-Dec-2023 13:57:45.172 INFO [http-nio-8080-exec-23] org.apache.catalina.core.ApplicationContext.log Manager: install: Installing context configuration at 'file:/C:/Users/Pedro/AppData/Local/Temp/context7008860285316769131.xml'
14-Dec-2023 13:57:46.693 INFO [http-nio-8080-exec-26] org.apache.catalina.core.ApplicationContext.log Manager: start: Starting web application '/projeto_gta6_web'
14-Dec-2023 14:05:13.314 INFO [http-nio-8080-exec-34] org.apache.catalina.core.ApplicationContext.log Manager: list: Listing contexts for virtual host 'localhost'
14-Dec-2023 14:05:13.317 INFO [http-nio-8080-exec-38] org.apache.catalina.core.ApplicationContext.log Manager: list: Listing contexts for virtual host 'localhost'
14-Dec-2023 14:05:13.334 INFO [http-nio-8080-exec-39] org.apache.catalina.core.ApplicationContext.log Manager: undeploy: Undeploying web application at '/projeto_gta6_web'
14-Dec-2023 14:05:13.869 INFO [http-nio-8080-exec-33] org.apache.catalina.core.ApplicationContext.log Manager: install: Installing context configuration at 'file:/C:/Users/Pedro/AppData/Local/Temp/context24016014310669223.xml'
14-Dec-2023 14:05:15.275 INFO [http-nio-8080-exec-32] org.apache.catalina.core.ApplicationContext.log Manager: start: Starting web application '/projeto_gta6_web'
14-Dec-2023 14:06:53.321 INFO [http-nio-8080-exec-41] org.apache.catalina.core.ApplicationContext.log Manager: list: Listing contexts for virtual host 'localhost'
14-Dec-2023 14:06:53.323 INFO [http-nio-8080-exec-45] org.apache.catalina.core.ApplicationContext.log Manager: list: Listing contexts for virtual host 'localhost'
14-Dec-2023 14:06:53.330 INFO [http-nio-8080-exec-31] org.apache.catalina.core.ApplicationContext.log Manager: undeploy: Undeploying web application at '/projeto_gta6_web'
14-Dec-2023 14:06:53.870 INFO [http-nio-8080-exec-43] org.apache.catalina.core.ApplicationContext.log Manager: install: Installing context configuration at 'file:/C:/Users/Pedro/AppData/Local/Temp/context15216157988653014410.xml'
14-Dec-2023 14:06:55.246 INFO [http-nio-8080-exec-47] org.apache.catalina.core.ApplicationContext.log Manager: start: Starting web application '/projeto_gta6_web'
14-Dec-2023 14:13:31.716 INFO [http-nio-8080-exec-52] org.apache.catalina.core.ApplicationContext.log Manager: list: Listing contexts for virtual host 'localhost'
14-Dec-2023 14:13:31.727 INFO [http-nio-8080-exec-55] org.apache.catalina.core.ApplicationContext.log Manager: undeploy: Undeploying web application at '/aplicacao_web_JPA'
14-Dec-2023 14:13:32.255 INFO [http-nio-8080-exec-54] org.apache.catalina.core.ApplicationContext.log Manager: install: Installing context configuration at 'file:/C:/Users/Pedro/AppData/Local/Temp/context6426895223784130851.xml'
14-Dec-2023 14:13:33.985 INFO [http-nio-8080-exec-51] org.apache.catalina.core.ApplicationContext.log Manager: start: Starting web application '/aplicacao_web_JPA'
14-Dec-2023 14:20:20.079 INFO [http-nio-8080-exec-4] org.apache.catalina.core.ApplicationContext.log Manager: init: Associated with Deployer 'Catalina:type=Deployer,host=localhost'
14-Dec-2023 14:20:20.079 INFO [http-nio-8080-exec-4] org.apache.catalina.core.ApplicationContext.log Manager: init: Global resources are available
14-Dec-2023 14:20:20.122 INFO [http-nio-8080-exec-9] org.apache.catalina.core.ApplicationContext.log Manager: list: Listing contexts for virtual host 'localhost'
14-Dec-2023 14:20:20.129 INFO [http-nio-8080-exec-10] org.apache.catalina.core.ApplicationContext.log Manager: list: Listing contexts for virtual host 'localhost'
14-Dec-2023 14:20:20.158 INFO [http-nio-8080-exec-2] org.apache.catalina.core.ApplicationContext.log Manager: undeploy: Undeploying web application at '/aplicacao_web_JPA'
14-Dec-2023 14:20:20.703 INFO [http-nio-8080-exec-8] org.apache.catalina.core.ApplicationContext.log Manager: install: Installing context configuration at 'file:/C:/Users/Pedro/AppData/Local/Temp/context15882693156066931226.xml'
14-Dec-2023 14:20:22.288 INFO [http-nio-8080-exec-3] org.apache.catalina.core.ApplicationContext.log Manager: start: Starting web application '/aplicacao_web_JPA'
14-Dec-2023 14:40:48.472 INFO [http-nio-8080-exec-6] org.apache.catalina.core.ApplicationContext.log Manager: init: Associated with Deployer 'Catalina:type=Deployer,host=localhost'
14-Dec-2023 14:40:48.472 INFO [http-nio-8080-exec-6] org.apache.catalina.core.ApplicationContext.log Manager: init: Global resources are available
14-Dec-2023 14:40:48.512 INFO [http-nio-8080-exec-10] org.apache.catalina.core.ApplicationContext.log Manager: list: Listing contexts for virtual host 'localhost'
14-Dec-2023 14:40:48.518 INFO [http-nio-8080-exec-7] org.apache.catalina.core.ApplicationContext.log Manager: list: Listing contexts for virtual host 'localhost'
14-Dec-2023 14:40:48.536 INFO [http-nio-8080-exec-1] org.apache.catalina.core.ApplicationContext.log Manager: undeploy: Undeploying web application at '/projeto_gta6_web'
14-Dec-2023 14:40:49.103 INFO [http-nio-8080-exec-10] org.apache.catalina.core.ApplicationContext.log Manager: install: Installing context configuration at 'file:/C:/Users/Pedro/AppData/Local/Temp/context15442825137659812554.xml'
14-Dec-2023 14:40:50.566 INFO [http-nio-8080-exec-9] org.apache.catalina.core.ApplicationContext.log Manager: start: Starting web application '/projeto_gta6_web'
14-Dec-2023 14:44:21.576 INFO [http-nio-8080-exec-12] org.apache.catalina.core.ApplicationContext.log Manager: list: Listing contexts for virtual host 'localhost'
14-Dec-2023 14:44:21.579 INFO [http-nio-8080-exec-19] org.apache.catalina.core.ApplicationContext.log Manager: list: Listing contexts for virtual host 'localhost'
14-Dec-2023 14:44:21.590 INFO [http-nio-8080-exec-18] org.apache.catalina.core.ApplicationContext.log Manager: undeploy: Undeploying web application at '/projeto_gta6_web'
14-Dec-2023 14:44:22.123 INFO [http-nio-8080-exec-15] org.apache.catalina.core.ApplicationContext.log Manager: install: Installing context configuration at 'file:/C:/Users/Pedro/AppData/Local/Temp/context10606494403681587029.xml'
14-Dec-2023 14:44:23.587 INFO [http-nio-8080-exec-16] org.apache.catalina.core.ApplicationContext.log Manager: start: Starting web application '/projeto_gta6_web'
14-Dec-2023 14:49:49.735 INFO [http-nio-8080-exec-24] org.apache.catalina.core.ApplicationContext.log Manager: list: Listing contexts for virtual host 'localhost'
14-Dec-2023 14:49:49.739 INFO [http-nio-8080-exec-25] org.apache.catalina.core.ApplicationContext.log Manager: list: Listing contexts for virtual host 'localhost'
14-Dec-2023 14:49:49.753 INFO [http-nio-8080-exec-27] org.apache.catalina.core.ApplicationContext.log Manager: undeploy: Undeploying web application at '/aplicacao_web_JPA'
14-Dec-2023 14:49:50.286 INFO [http-nio-8080-exec-21] org.apache.catalina.core.ApplicationContext.log Manager: install: Installing context configuration at 'file:/C:/Users/Pedro/AppData/Local/Temp/context6412343689026506896.xml'
14-Dec-2023 14:49:51.702 INFO [http-nio-8080-exec-24] org.apache.catalina.core.ApplicationContext.log Manager: start: Starting web application '/aplicacao_web_JPA'
14-Dec-2023 14:53:22.087 INFO [http-nio-8080-exec-30] org.apache.catalina.core.ApplicationContext.log Manager: list: Listing contexts for virtual host 'localhost'
14-Dec-2023 14:53:22.090 INFO [http-nio-8080-exec-32] org.apache.catalina.core.ApplicationContext.log Manager: list: Listing contexts for virtual host 'localhost'
14-Dec-2023 14:53:22.099 INFO [http-nio-8080-exec-33] org.apache.catalina.core.ApplicationContext.log Manager: undeploy: Undeploying web application at '/projeto_gta6_web'
14-Dec-2023 14:53:22.634 INFO [http-nio-8080-exec-38] org.apache.catalina.core.ApplicationContext.log Manager: install: Installing context configuration at 'file:/C:/Users/Pedro/AppData/Local/Temp/context7229629984253480344.xml'
14-Dec-2023 14:53:24.071 INFO [http-nio-8080-exec-36] org.apache.catalina.core.ApplicationContext.log Manager: start: Starting web application '/projeto_gta6_web'
14-Dec-2023 14:54:37.930 INFO [http-nio-8080-exec-43] org.apache.catalina.core.ApplicationContext.log Manager: list: Listing contexts for virtual host 'localhost'
14-Dec-2023 14:54:37.932 INFO [http-nio-8080-exec-44] org.apache.catalina.core.ApplicationContext.log Manager: list: Listing contexts for virtual host 'localhost'
14-Dec-2023 14:54:37.940 INFO [http-nio-8080-exec-48] org.apache.catalina.core.ApplicationContext.log Manager: undeploy: Undeploying web application at '/projeto_gta6_web'
14-Dec-2023 14:54:38.469 INFO [http-nio-8080-exec-46] org.apache.catalina.core.ApplicationContext.log Manager: install: Installing context configuration at 'file:/C:/Users/Pedro/AppData/Local/Temp/context5170337145046914153.xml'
14-Dec-2023 14:54:41.695 INFO [http-nio-8080-exec-32] org.apache.catalina.core.ApplicationContext.log Manager: start: Starting web application '/projeto_gta6_web'
14-Dec-2023 14:55:31.476 INFO [http-nio-8080-exec-44] org.apache.catalina.core.ApplicationContext.log Manager: list: Listing contexts for virtual host 'localhost'
14-Dec-2023 14:55:31.479 INFO [http-nio-8080-exec-51] org.apache.catalina.core.ApplicationContext.log Manager: list: Listing contexts for virtual host 'localhost'
14-Dec-2023 14:55:31.486 INFO [http-nio-8080-exec-52] org.apache.catalina.core.ApplicationContext.log Manager: undeploy: Undeploying web application at '/projeto_gta6_web'
14-Dec-2023 14:55:32.028 INFO [http-nio-8080-exec-51] org.apache.catalina.core.ApplicationContext.log Manager: install: Installing context configuration at 'file:/C:/Users/Pedro/AppData/Local/Temp/context347155491900388344.xml'
14-Dec-2023 14:55:33.394 INFO [http-nio-8080-exec-50] org.apache.catalina.core.ApplicationContext.log Manager: start: Starting web application '/projeto_gta6_web'
